<?xml version="1.0" encoding="UTF-8"?>
<!-- Generated by org.testng.reporters.JUnitReportReporter -->
<testsuite hostname="Subodh-PC" failures="0" tests="2" name="Pom.ZerodhaLoginTest" time="0.019" errors="0" timestamp="2022-06-03T12:11:30 IST" skipped="0">
  <testcase classname="Pom.ZerodhaLoginTest" name="testB" time="0.007"/>
  <system-out/>
  <testcase classname="Pom.ZerodhaLoginTest" name="testA" time="0.012"/>
  <system-out/>
</testsuite> <!-- Pom.ZerodhaLoginTest -->
