<?xml version="1.0" encoding="UTF-8"?>
<!-- Generated by org.testng.reporters.JUnitReportReporter -->
<testsuite hostname="Subodh-PC" failures="0" tests="3" name="Test.ZerodhaLoginPageTest" time="41.250" errors="0" timestamp="2022-06-23T14:09:49 IST" skipped="0">
  <testcase classname="Test.ZerodhaLoginPageTest" name="LoginWithValidCredentials" time="14.762"/>
  <system-out/>
  <testcase classname="Test.ZerodhaLoginPageTest" name="forgotPasswordLinkTest" time="13.206"/>
  <system-out/>
  <testcase classname="Test.ZerodhaLoginPageTest" name="signupLinkTest" time="13.282"/>
  <system-out/>
</testsuite> <!-- Test.ZerodhaLoginPageTest -->
