<?xml version="1.0" encoding="UTF-8"?>
<!-- Generated by org.testng.reporters.JUnitReportReporter -->
<testsuite hostname="Subodh-PC" failures="0" tests="1" name="Test.ZerodhaPinTest" time="69.421" errors="0" timestamp="2022-06-10T15:11:00 IST" skipped="0">
  <testcase classname="Test.ZerodhaPinTest" name="loginWithValidCredential" time="69.421"/>
  <system-out/>
</testsuite> <!-- Test.ZerodhaPinTest -->
