<?xml version="1.0" encoding="UTF-8"?>
<!-- Generated by org.testng.reporters.JUnitReportReporter -->
<testsuite hostname="Subodh-PC" failures="0" tests="1" name="Test.ZerodhaSignUpConfirmOtpPageTest" time="9.569" errors="0" timestamp="2022-06-10T01:25:13 IST" skipped="0">
  <testcase classname="Test.ZerodhaSignUpConfirmOtpPageTest" name="signupPageTest" time="9.569"/>
  <system-out/>
</testsuite> <!-- Test.ZerodhaSignUpConfirmOtpPageTest -->
